----- [ { _id: 5811be865f568909c0bd0642, name: '张三', age: 28 },
  { _id: 5811bf345f568909c0bd0643, name: '王五', age: 32 },
  { _id: 5811bf555f568909c0bd0644, name: '梨儿', age: 12 } ]
----- [ { _id: 5811de4c5f568909c0bd0645,
    title: '全国大部气温将创新低 重庆湖北有暴雨',
    content: '中国天气网讯 昨天（26日）开始，一股较强冷空气从新疆启程，预计受其影响，27-28日，我国大部地区将自西向东经历大风降温天气过程，并可能迎来今年下半年的气温新低，西北、华北北部、东北不少地方最低气温将跌入冰点；另外，今明天，河南、江苏、安徽及重庆、湖北等地雨势较强，重庆、湖北交界一带有暴雨，需加强防范。北方迎大风降温和雨雪 西北华北等最低温将跌破冰点\r\n进入霜降节气以来，冷空气逐渐趋于活跃。昨天，一股较强冷空气已经率先影响新疆等地，给这里带来风雪降温天气。监测显示，昨8时至今6时，新疆北部、青海东南部局地出现1～4毫米降雪或雨夹雪，新疆拜城降水量达12.2毫米。',
    author: '方中信',
    source: '中国青年报',
    timestamp: 1477565934905,
    s_img: '',
    b_img: '' },
  { _id: 5811df135f56893224569337,
    title: '全国大部气温将创新低 重庆湖北有暴雨',
    content: '中国天气网讯 昨天（26日）开始，一股较强冷空气从新疆启程，预计受其影响，27-28日，我国大部地区将自西向东经历大风降温天气过程，并可能迎来今年下半年的气温新低，西北、华北北部、东北不少地方最低气温将跌入冰点；另外，今明天，河南、江苏、安徽及重庆、湖北等地雨势较强，重庆、湖北交界一带有暴雨，需加强防范。北方迎大风降温和雨雪 西北华北等最低温将跌破冰点\r\n进入霜降节气以来，冷空气逐渐趋于活跃。昨天，一股较强冷空气已经率先影响新疆等地，给这里带来风雪降温天气。监测显示，昨8时至今6时，新疆北部、青海东南部局地出现1～4毫米降雪或雨夹雪，新疆拜城降水量达12.2毫米。',
    author: '方中信',
    source: '中国青年报',
    timestamp: 1477565934905,
    s_img: '',
    b_img: '' },
  { _id: 5811df2c5f56893224569338,
    title: '全国大部气温将创新低 重庆湖北有暴雨',
    content: '中国天气网讯 昨天（26日）开始，一股较强冷空气从新疆启程，预计受其影响，27-28日，我国大部地区将自西向东经历大风降温天气过程，并可能迎来今年下半年的气温新低，西北、华北北部、东北不少地方最低气温将跌入冰点；另外，今明天，河南、江苏、安徽及重庆、湖北等地雨势较强，重庆、湖北交界一带有暴雨，需加强防范。北方迎大风降温和雨雪 西北华北等最低温将跌破冰点\r\n进入霜降节气以来，冷空气逐渐趋于活跃。昨天，一股较强冷空气已经率先影响新疆等地，给这里带来风雪降温天气。监测显示，昨8时至今6时，新疆北部、青海东南部局地出现1～4毫米降雪或雨夹雪，新疆拜城降水量达12.2毫米。',
    author: '方中信',
    source: '中国青年报',
    timestamp: 1477565934905,
    s_img: '',
    b_img: '' },
  { _id: 5811df355f56893224569339,
    title: '全国大部气温将创新低 重庆湖北有暴雨',
    content: '中国天气网讯 昨天（26日）开始，一股较强冷空气从新疆启程，预计受其影响，27-28日，我国大部地区将自西向东经历大风降温天气过程，并可能迎来今年下半年的气温新低，西北、华北北部、东北不少地方最低气温将跌入冰点；另外，今明天，河南、江苏、安徽及重庆、湖北等地雨势较强，重庆、湖北交界一带有暴雨，需加强防范。北方迎大风降温和雨雪 西北华北等最低温将跌破冰点\r\n进入霜降节气以来，冷空气逐渐趋于活跃。昨天，一股较强冷空气已经率先影响新疆等地，给这里带来风雪降温天气。监测显示，昨8时至今6时，新疆北部、青海东南部局地出现1～4毫米降雪或雨夹雪，新疆拜城降水量达12.2毫米。',
    author: '方中信',
    source: '中国青年报',
    timestamp: 1477565934905,
    s_img: '',
    b_img: '' } ]
[0mGET / [32m200 [0m486.089 ms - 1494[0m
[0mGET /assets/css/bootstrap.css [36m304 [0m8.750 ms - -[0m
[0mGET /assets/js/jquery.js [36m304 [0m2.817 ms - -[0m
[0mGET /assets/js/bootstrap.js [36m304 [0m2.842 ms - -[0m
----- [ { _id: 5811be865f568909c0bd0642, name: '张三', age: 28 },
  { _id: 5811bf345f568909c0bd0643, name: '王五', age: 32 },
  { _id: 5811bf555f568909c0bd0644, name: '梨儿', age: 12 } ]
----- [ { _id: 5811de4c5f568909c0bd0645,
    title: '全国大部气温将创新低 重庆湖北有暴雨',
    content: '中国天气网讯 昨天（26日）开始，一股较强冷空气从新疆启程，预计受其影响，27-28日，我国大部地区将自西向东经历大风降温天气过程，并可能迎来今年下半年的气温新低，西北、华北北部、东北不少地方最低气温将跌入冰点；另外，今明天，河南、江苏、安徽及重庆、湖北等地雨势较强，重庆、湖北交界一带有暴雨，需加强防范。北方迎大风降温和雨雪 西北华北等最低温将跌破冰点\r\n进入霜降节气以来，冷空气逐渐趋于活跃。昨天，一股较强冷空气已经率先影响新疆等地，给这里带来风雪降温天气。监测显示，昨8时至今6时，新疆北部、青海东南部局地出现1～4毫米降雪或雨夹雪，新疆拜城降水量达12.2毫米。',
    author: '方中信',
    source: '中国青年报',
    timestamp: 1477565934905,
    s_img: '',
    b_img: '' },
  { _id: 5811df135f56893224569337,
    title: '全国大部气温将创新低 重庆湖北有暴雨',
    content: '中国天气网讯 昨天（26日）开始，一股较强冷空气从新疆启程，预计受其影响，27-28日，我国大部地区将自西向东经历大风降温天气过程，并可能迎来今年下半年的气温新低，西北、华北北部、东北不少地方最低气温将跌入冰点；另外，今明天，河南、江苏、安徽及重庆、湖北等地雨势较强，重庆、湖北交界一带有暴雨，需加强防范。北方迎大风降温和雨雪 西北华北等最低温将跌破冰点\r\n进入霜降节气以来，冷空气逐渐趋于活跃。昨天，一股较强冷空气已经率先影响新疆等地，给这里带来风雪降温天气。监测显示，昨8时至今6时，新疆北部、青海东南部局地出现1～4毫米降雪或雨夹雪，新疆拜城降水量达12.2毫米。',
    author: '方中信',
    source: '中国青年报',
    timestamp: 1477565934905,
    s_img: '',
    b_img: '' },
  { _id: 5811df2c5f56893224569338,
    title: '全国大部气温将创新低 重庆湖北有暴雨',
    content: '中国天气网讯 昨天（26日）开始，一股较强冷空气从新疆启程，预计受其影响，27-28日，我国大部地区将自西向东经历大风降温天气过程，并可能迎来今年下半年的气温新低，西北、华北北部、东北不少地方最低气温将跌入冰点；另外，今明天，河南、江苏、安徽及重庆、湖北等地雨势较强，重庆、湖北交界一带有暴雨，需加强防范。北方迎大风降温和雨雪 西北华北等最低温将跌破冰点\r\n进入霜降节气以来，冷空气逐渐趋于活跃。昨天，一股较强冷空气已经率先影响新疆等地，给这里带来风雪降温天气。监测显示，昨8时至今6时，新疆北部、青海东南部局地出现1～4毫米降雪或雨夹雪，新疆拜城降水量达12.2毫米。',
    author: '方中信',
    source: '中国青年报',
    timestamp: 1477565934905,
    s_img: '',
    b_img: '' },
  { _id: 5811df355f56893224569339,
    title: '全国大部气温将创新低 重庆湖北有暴雨',
    content: '中国天气网讯 昨天（26日）开始，一股较强冷空气从新疆启程，预计受其影响，27-28日，我国大部地区将自西向东经历大风降温天气过程，并可能迎来今年下半年的气温新低，西北、华北北部、东北不少地方最低气温将跌入冰点；另外，今明天，河南、江苏、安徽及重庆、湖北等地雨势较强，重庆、湖北交界一带有暴雨，需加强防范。北方迎大风降温和雨雪 西北华北等最低温将跌破冰点\r\n进入霜降节气以来，冷空气逐渐趋于活跃。昨天，一股较强冷空气已经率先影响新疆等地，给这里带来风雪降温天气。监测显示，昨8时至今6时，新疆北部、青海东南部局地出现1～4毫米降雪或雨夹雪，新疆拜城降水量达12.2毫米。',
    author: '方中信',
    source: '中国青年报',
    timestamp: 1477565934905,
    s_img: '',
    b_img: '' } ]
[0mGET / [32m200 [0m493.504 ms - 1465[0m
[0mGET /assets/css/bootstrap.css [36m304 [0m7.087 ms - -[0m
[0mGET /assets/js/jquery.js [36m304 [0m8.296 ms - -[0m
[0mGET /assets/js/bootstrap.js [36m304 [0m9.270 ms - -[0m
----- [ { _id: 5811be865f568909c0bd0642, name: '张三', age: 28 },
  { _id: 5811bf345f568909c0bd0643, name: '王五', age: 32 },
  { _id: 5811bf555f568909c0bd0644, name: '梨儿', age: 12 } ]
----- [ { _id: 5811be865f568909c0bd0642, name: '张三', age: 28 },
  { _id: 5811bf345f568909c0bd0643, name: '王五', age: 32 },
  { _id: 5811bf555f568909c0bd0644, name: '梨儿', age: 12 } ]
----- [ { _id: 5811de4c5f568909c0bd0645,
    title: '全国大部气温将创新低 重庆湖北有暴雨',
    content: '中国天气网讯 昨天（26日）开始，一股较强冷空气从新疆启程，预计受其影响，27-28日，我国大部地区将自西向东经历大风降温天气过程，并可能迎来今年下半年的气温新低，西北、华北北部、东北不少地方最低气温将跌入冰点；另外，今明天，河南、江苏、安徽及重庆、湖北等地雨势较强，重庆、湖北交界一带有暴雨，需加强防范。北方迎大风降温和雨雪 西北华北等最低温将跌破冰点\r\n进入霜降节气以来，冷空气逐渐趋于活跃。昨天，一股较强冷空气已经率先影响新疆等地，给这里带来风雪降温天气。监测显示，昨8时至今6时，新疆北部、青海东南部局地出现1～4毫米降雪或雨夹雪，新疆拜城降水量达12.2毫米。',
    author: '方中信',
    source: '中国青年报',
    timestamp: 1477565934905,
    s_img: '',
    b_img: '' },
  { _id: 5811df135f56893224569337,
    title: '全国大部气温将创新低 重庆湖北有暴雨',
    content: '中国天气网讯 昨天（26日）开始，一股较强冷空气从新疆启程，预计受其影响，27-28日，我国大部地区将自西向东经历大风降温天气过程，并可能迎来今年下半年的气温新低，西北、华北北部、东北不少地方最低气温将跌入冰点；另外，今明天，河南、江苏、安徽及重庆、湖北等地雨势较强，重庆、湖北交界一带有暴雨，需加强防范。北方迎大风降温和雨雪 西北华北等最低温将跌破冰点\r\n进入霜降节气以来，冷空气逐渐趋于活跃。昨天，一股较强冷空气已经率先影响新疆等地，给这里带来风雪降温天气。监测显示，昨8时至今6时，新疆北部、青海东南部局地出现1～4毫米降雪或雨夹雪，新疆拜城降水量达12.2毫米。',
    author: '方中信',
    source: '中国青年报',
    timestamp: 1477565934905,
    s_img: '',
    b_img: '' },
  { _id: 5811df2c5f56893224569338,
    title: '全国大部气温将创新低 重庆湖北有暴雨',
    content: '中国天气网讯 昨天（26日）开始，一股较强冷空气从新疆启程，预计受其影响，27-28日，我国大部地区将自西向东经历大风降温天气过程，并可能迎来今年下半年的气温新低，西北、华北北部、东北不少地方最低气温将跌入冰点；另外，今明天，河南、江苏、安徽及重庆、湖北等地雨势较强，重庆、湖北交界一带有暴雨，需加强防范。北方迎大风降温和雨雪 西北华北等最低温将跌破冰点\r\n进入霜降节气以来，冷空气逐渐趋于活跃。昨天，一股较强冷空气已经率先影响新疆等地，给这里带来风雪降温天气。监测显示，昨8时至今6时，新疆北部、青海东南部局地出现1～4毫米降雪或雨夹雪，新疆拜城降水量达12.2毫米。',
    author: '方中信',
    source: '中国青年报',
    timestamp: 1477565934905,
    s_img: '',
    b_img: '' },
  { _id: 5811df355f56893224569339,
    title: '全国大部气温将创新低 重庆湖北有暴雨',
    content: '中国天气网讯 昨天（26日）开始，一股较强冷空气从新疆启程，预计受其影响，27-28日，我国大部地区将自西向东经历大风降温天气过程，并可能迎来今年下半年的气温新低，西北、华北北部、东北不少地方最低气温将跌入冰点；另外，今明天，河南、江苏、安徽及重庆、湖北等地雨势较强，重庆、湖北交界一带有暴雨，需加强防范。北方迎大风降温和雨雪 西北华北等最低温将跌破冰点\r\n进入霜降节气以来，冷空气逐渐趋于活跃。昨天，一股较强冷空气已经率先影响新疆等地，给这里带来风雪降温天气。监测显示，昨8时至今6时，新疆北部、青海东南部局地出现1～4毫米降雪或雨夹雪，新疆拜城降水量达12.2毫米。',
    author: '方中信',
    source: '中国青年报',
    timestamp: 1477565934905,
    s_img: '',
    b_img: '' } ]
[0mGET / [32m200 [0m425.536 ms - 954[0m
[0mGET /assets/css/bootstrap.css [36m304 [0m6.520 ms - -[0m
[0mGET /assets/js/jquery.js [36m304 [0m9.006 ms - -[0m
[0mGET /assets/js/bootstrap.js [36m304 [0m8.784 ms - -[0m
----- [ { _id: 5811be865f568909c0bd0642, name: '张三', age: 28 },
  { _id: 5811bf345f568909c0bd0643, name: '王五', age: 32 },
  { _id: 5811bf555f568909c0bd0644, name: '梨儿', age: 12 } ]
----- [ { _id: 5811be865f568909c0bd0642, name: '张三', age: 28 },
  { _id: 5811bf345f568909c0bd0643, name: '王五', age: 32 },
  { _id: 5811bf555f568909c0bd0644, name: '梨儿', age: 12 } ]
----- [ { _id: 5811be865f568909c0bd0642, name: '张三', age: 28 },
  { _id: 5811bf345f568909c0bd0643, name: '王五', age: 32 },
  { _id: 5811bf555f568909c0bd0644, name: '梨儿', age: 12 } ]
----- [ { _id: 5811be865f568909c0bd0642, name: '张三', age: 28 },
  { _id: 5811bf345f568909c0bd0643, name: '王五', age: 32 },
  { _id: 5811bf555f568909c0bd0644, name: '梨儿', age: 12 } ]
----- [ { _id: 5811de4c5f568909c0bd0645,
    title: '全国大部气温将创新低 重庆湖北有暴雨',
    content: '中国天气网讯 昨天（26日）开始，一股较强冷空气从新疆启程，预计受其影响，27-28日，我国大部地区将自西向东经历大风降温天气过程，并可能迎来今年下半年的气温新低，西北、华北北部、东北不少地方最低气温将跌入冰点；另外，今明天，河南、江苏、安徽及重庆、湖北等地雨势较强，重庆、湖北交界一带有暴雨，需加强防范。北方迎大风降温和雨雪 西北华北等最低温将跌破冰点\r\n进入霜降节气以来，冷空气逐渐趋于活跃。昨天，一股较强冷空气已经率先影响新疆等地，给这里带来风雪降温天气。监测显示，昨8时至今6时，新疆北部、青海东南部局地出现1～4毫米降雪或雨夹雪，新疆拜城降水量达12.2毫米。',
    author: '方中信',
    source: '中国青年报',
    timestamp: 1477565934905,
    s_img: '',
    b_img: '' },
  { _id: 5811df135f56893224569337,
    title: '全国大部气温将创新低 重庆湖北有暴雨',
    content: '中国天气网讯 昨天（26日）开始，一股较强冷空气从新疆启程，预计受其影响，27-28日，我国大部地区将自西向东经历大风降温天气过程，并可能迎来今年下半年的气温新低，西北、华北北部、东北不少地方最低气温将跌入冰点；另外，今明天，河南、江苏、安徽及重庆、湖北等地雨势较强，重庆、湖北交界一带有暴雨，需加强防范。北方迎大风降温和雨雪 西北华北等最低温将跌破冰点\r\n进入霜降节气以来，冷空气逐渐趋于活跃。昨天，一股较强冷空气已经率先影响新疆等地，给这里带来风雪降温天气。监测显示，昨8时至今6时，新疆北部、青海东南部局地出现1～4毫米降雪或雨夹雪，新疆拜城降水量达12.2毫米。',
    author: '方中信',
    source: '中国青年报',
    timestamp: 1477565934905,
    s_img: '',
    b_img: '' },
  { _id: 5811df2c5f56893224569338,
    title: '全国大部气温将创新低 重庆湖北有暴雨',
    content: '中国天气网讯 昨天（26日）开始，一股较强冷空气从新疆启程，预计受其影响，27-28日，我国大部地区将自西向东经历大风降温天气过程，并可能迎来今年下半年的气温新低，西北、华北北部、东北不少地方最低气温将跌入冰点；另外，今明天，河南、江苏、安徽及重庆、湖北等地雨势较强，重庆、湖北交界一带有暴雨，需加强防范。北方迎大风降温和雨雪 西北华北等最低温将跌破冰点\r\n进入霜降节气以来，冷空气逐渐趋于活跃。昨天，一股较强冷空气已经率先影响新疆等地，给这里带来风雪降温天气。监测显示，昨8时至今6时，新疆北部、青海东南部局地出现1～4毫米降雪或雨夹雪，新疆拜城降水量达12.2毫米。',
    author: '方中信',
    source: '中国青年报',
    timestamp: 1477565934905,
    s_img: '',
    b_img: '' },
  { _id: 5811df355f56893224569339,
    title: '全国大部气温将创新低 重庆湖北有暴雨',
    content: '中国天气网讯 昨天（26日）开始，一股较强冷空气从新疆启程，预计受其影响，27-28日，我国大部地区将自西向东经历大风降温天气过程，并可能迎来今年下半年的气温新低，西北、华北北部、东北不少地方最低气温将跌入冰点；另外，今明天，河南、江苏、安徽及重庆、湖北等地雨势较强，重庆、湖北交界一带有暴雨，需加强防范。北方迎大风降温和雨雪 西北华北等最低温将跌破冰点\r\n进入霜降节气以来，冷空气逐渐趋于活跃。昨天，一股较强冷空气已经率先影响新疆等地，给这里带来风雪降温天气。监测显示，昨8时至今6时，新疆北部、青海东南部局地出现1～4毫米降雪或雨夹雪，新疆拜城降水量达12.2毫米。',
    author: '方中信',
    source: '中国青年报',
    timestamp: 1477565934905,
    s_img: '',
    b_img: '' } ]
[0mGET / [32m200 [0m430.032 ms - 1012[0m
[0mGET /assets/css/bootstrap.css [36m304 [0m8.237 ms - -[0m
[0mGET /assets/js/jquery.js [36m304 [0m9.565 ms - -[0m
[0mGET /assets/js/bootstrap.js [36m304 [0m9.852 ms - -[0m
[0mGET /assets/css/myapp.css [32m200 [0m15.408 ms - 33[0m
----- [ { _id: 5811be865f568909c0bd0642, name: '张三', age: 28 },
  { _id: 5811bf345f568909c0bd0643, name: '王五', age: 32 },
  { _id: 5811bf555f568909c0bd0644, name: '梨儿', age: 12 } ]
----- [ { _id: 5811be865f568909c0bd0642, name: '张三', age: 28 },
  { _id: 5811bf345f568909c0bd0643, name: '王五', age: 32 },
  { _id: 5811bf555f568909c0bd0644, name: '梨儿', age: 12 } ]
----- [ { _id: 5811de4c5f568909c0bd0645,
    title: '全国大部气温将创新低 重庆湖北有暴雨',
    content: '中国天气网讯 昨天（26日）开始，一股较强冷空气从新疆启程，预计受其影响，27-28日，我国大部地区将自西向东经历大风降温天气过程，并可能迎来今年下半年的气温新低，西北、华北北部、东北不少地方最低气温将跌入冰点；另外，今明天，河南、江苏、安徽及重庆、湖北等地雨势较强，重庆、湖北交界一带有暴雨，需加强防范。北方迎大风降温和雨雪 西北华北等最低温将跌破冰点\r\n进入霜降节气以来，冷空气逐渐趋于活跃。昨天，一股较强冷空气已经率先影响新疆等地，给这里带来风雪降温天气。监测显示，昨8时至今6时，新疆北部、青海东南部局地出现1～4毫米降雪或雨夹雪，新疆拜城降水量达12.2毫米。',
    author: '方中信',
    source: '中国青年报',
    timestamp: 1477565934905,
    s_img: '',
    b_img: '' },
  { _id: 5811df135f56893224569337,
    title: '全国大部气温将创新低 重庆湖北有暴雨',
    content: '中国天气网讯 昨天（26日）开始，一股较强冷空气从新疆启程，预计受其影响，27-28日，我国大部地区将自西向东经历大风降温天气过程，并可能迎来今年下半年的气温新低，西北、华北北部、东北不少地方最低气温将跌入冰点；另外，今明天，河南、江苏、安徽及重庆、湖北等地雨势较强，重庆、湖北交界一带有暴雨，需加强防范。北方迎大风降温和雨雪 西北华北等最低温将跌破冰点\r\n进入霜降节气以来，冷空气逐渐趋于活跃。昨天，一股较强冷空气已经率先影响新疆等地，给这里带来风雪降温天气。监测显示，昨8时至今6时，新疆北部、青海东南部局地出现1～4毫米降雪或雨夹雪，新疆拜城降水量达12.2毫米。',
    author: '方中信',
    source: '中国青年报',
    timestamp: 1477565934905,
    s_img: '',
    b_img: '' },
  { _id: 5811df2c5f56893224569338,
    title: '全国大部气温将创新低 重庆湖北有暴雨',
    content: '中国天气网讯 昨天（26日）开始，一股较强冷空气从新疆启程，预计受其影响，27-28日，我国大部地区将自西向东经历大风降温天气过程，并可能迎来今年下半年的气温新低，西北、华北北部、东北不少地方最低气温将跌入冰点；另外，今明天，河南、江苏、安徽及重庆、湖北等地雨势较强，重庆、湖北交界一带有暴雨，需加强防范。北方迎大风降温和雨雪 西北华北等最低温将跌破冰点\r\n进入霜降节气以来，冷空气逐渐趋于活跃。昨天，一股较强冷空气已经率先影响新疆等地，给这里带来风雪降温天气。监测显示，昨8时至今6时，新疆北部、青海东南部局地出现1～4毫米降雪或雨夹雪，新疆拜城降水量达12.2毫米。',
    author: '方中信',
    source: '中国青年报',
    timestamp: 1477565934905,
    s_img: '',
    b_img: '' },
  { _id: 5811df355f56893224569339,
    title: '全国大部气温将创新低 重庆湖北有暴雨',
    content: '中国天气网讯 昨天（26日）开始，一股较强冷空气从新疆启程，预计受其影响，27-28日，我国大部地区将自西向东经历大风降温天气过程，并可能迎来今年下半年的气温新低，西北、华北北部、东北不少地方最低气温将跌入冰点；另外，今明天，河南、江苏、安徽及重庆、湖北等地雨势较强，重庆、湖北交界一带有暴雨，需加强防范。北方迎大风降温和雨雪 西北华北等最低温将跌破冰点\r\n进入霜降节气以来，冷空气逐渐趋于活跃。昨天，一股较强冷空气已经率先影响新疆等地，给这里带来风雪降温天气。监测显示，昨8时至今6时，新疆北部、青海东南部局地出现1～4毫米降雪或雨夹雪，新疆拜城降水量达12.2毫米。',
    author: '方中信',
    source: '中国青年报',
    timestamp: 1477565934905,
    s_img: '',
    b_img: '' } ]
[0mGET / [32m200 [0m432.208 ms - 1015[0m
[0mGET /assets/css/bootstrap.css [36m304 [0m5.545 ms - -[0m
[0mGET /assets/js/jquery.js [36m304 [0m10.381 ms - -[0m
[0mGET /assets/js/bootstrap.js [36m304 [0m7.793 ms - -[0m
[0mGET /assets/css/myapp.css [32m200 [0m20.852 ms - 33[0m
----- [ { _id: 5811be865f568909c0bd0642, name: '张三', age: 28 },
  { _id: 5811bf345f568909c0bd0643, name: '王五', age: 32 },
  { _id: 5811bf555f568909c0bd0644, name: '梨儿', age: 12 } ]
----- [ { _id: 5811de4c5f568909c0bd0645,
    title: '全国大部气温将创新低 重庆湖北有暴雨',
    content: '中国天气网讯 昨天（26日）开始，一股较强冷空气从新疆启程，预计受其影响，27-28日，我国大部地区将自西向东经历大风降温天气过程，并可能迎来今年下半年的气温新低，西北、华北北部、东北不少地方最低气温将跌入冰点；另外，今明天，河南、江苏、安徽及重庆、湖北等地雨势较强，重庆、湖北交界一带有暴雨，需加强防范。北方迎大风降温和雨雪 西北华北等最低温将跌破冰点\r\n进入霜降节气以来，冷空气逐渐趋于活跃。昨天，一股较强冷空气已经率先影响新疆等地，给这里带来风雪降温天气。监测显示，昨8时至今6时，新疆北部、青海东南部局地出现1～4毫米降雪或雨夹雪，新疆拜城降水量达12.2毫米。',
    author: '方中信',
    source: '中国青年报',
    timestamp: 1477565934905,
    s_img: '',
    b_img: '' },
  { _id: 5811df135f56893224569337,
    title: '全国大部气温将创新低 重庆湖北有暴雨',
    content: '中国天气网讯 昨天（26日）开始，一股较强冷空气从新疆启程，预计受其影响，27-28日，我国大部地区将自西向东经历大风降温天气过程，并可能迎来今年下半年的气温新低，西北、华北北部、东北不少地方最低气温将跌入冰点；另外，今明天，河南、江苏、安徽及重庆、湖北等地雨势较强，重庆、湖北交界一带有暴雨，需加强防范。北方迎大风降温和雨雪 西北华北等最低温将跌破冰点\r\n进入霜降节气以来，冷空气逐渐趋于活跃。昨天，一股较强冷空气已经率先影响新疆等地，给这里带来风雪降温天气。监测显示，昨8时至今6时，新疆北部、青海东南部局地出现1～4毫米降雪或雨夹雪，新疆拜城降水量达12.2毫米。',
    author: '方中信',
    source: '中国青年报',
    timestamp: 1477565934905,
    s_img: '',
    b_img: '' },
  { _id: 5811df2c5f56893224569338,
    title: '全国大部气温将创新低 重庆湖北有暴雨',
    content: '中国天气网讯 昨天（26日）开始，一股较强冷空气从新疆启程，预计受其影响，27-28日，我国大部地区将自西向东经历大风降温天气过程，并可能迎来今年下半年的气温新低，西北、华北北部、东北不少地方最低气温将跌入冰点；另外，今明天，河南、江苏、安徽及重庆、湖北等地雨势较强，重庆、湖北交界一带有暴雨，需加强防范。北方迎大风降温和雨雪 西北华北等最低温将跌破冰点\r\n进入霜降节气以来，冷空气逐渐趋于活跃。昨天，一股较强冷空气已经率先影响新疆等地，给这里带来风雪降温天气。监测显示，昨8时至今6时，新疆北部、青海东南部局地出现1～4毫米降雪或雨夹雪，新疆拜城降水量达12.2毫米。',
    author: '方中信',
    source: '中国青年报',
    timestamp: 1477565934905,
    s_img: '',
    b_img: '' },
  { _id: 5811df355f56893224569339,
    title: '全国大部气温将创新低 重庆湖北有暴雨',
    content: '中国天气网讯 昨天（26日）开始，一股较强冷空气从新疆启程，预计受其影响，27-28日，我国大部地区将自西向东经历大风降温天气过程，并可能迎来今年下半年的气温新低，西北、华北北部、东北不少地方最低气温将跌入冰点；另外，今明天，河南、江苏、安徽及重庆、湖北等地雨势较强，重庆、湖北交界一带有暴雨，需加强防范。北方迎大风降温和雨雪 西北华北等最低温将跌破冰点\r\n进入霜降节气以来，冷空气逐渐趋于活跃。昨天，一股较强冷空气已经率先影响新疆等地，给这里带来风雪降温天气。监测显示，昨8时至今6时，新疆北部、青海东南部局地出现1～4毫米降雪或雨夹雪，新疆拜城降水量达12.2毫米。',
    author: '方中信',
    source: '中国青年报',
    timestamp: 1477565934905,
    s_img: '',
    b_img: '' } ]
[0mGET / [32m200 [0m508.540 ms - 1174[0m
[0mGET /assets/css/bootstrap.css [36m304 [0m6.404 ms - -[0m
[0mGET /assets/css/myapp.css [36m304 [0m6.808 ms - -[0m
[0mGET /assets/js/jquery.js [36m304 [0m6.565 ms - -[0m
[0mGET /assets/js/bootstrap.js [36m304 [0m6.279 ms - -[0m
----- [ { _id: 5811be865f568909c0bd0642, name: '张三', age: 28 },
  { _id: 5811bf345f568909c0bd0643, name: '王五', age: 32 },
  { _id: 5811bf555f568909c0bd0644, name: '梨儿', age: 12 } ]
----- [ { _id: 5811be865f568909c0bd0642, name: '张三', age: 28 },
  { _id: 5811bf345f568909c0bd0643, name: '王五', age: 32 },
  { _id: 5811bf555f568909c0bd0644, name: '梨儿', age: 12 } ]
----- [ { _id: 5811be865f568909c0bd0642, name: '张三', age: 28 },
  { _id: 5811bf345f568909c0bd0643, name: '王五', age: 32 },
  { _id: 5811bf555f568909c0bd0644, name: '梨儿', age: 12 } ]
----- [ { _id: 5811be865f568909c0bd0642, name: '张三', age: 28 },
  { _id: 5811bf345f568909c0bd0643, name: '王五', age: 32 },
  { _id: 5811bf555f568909c0bd0644, name: '梨儿', age: 12 } ]
----- [ { _id: 5811be865f568909c0bd0642, name: '张三', age: 28 },
  { _id: 5811bf345f568909c0bd0643, name: '王五', age: 32 },
  { _id: 5811bf555f568909c0bd0644, name: '梨儿', age: 12 } ]
----- [ { _id: 5811be865f568909c0bd0642, name: '张三', age: 28 },
  { _id: 5811bf345f568909c0bd0643, name: '王五', age: 32 },
  { _id: 5811bf555f568909c0bd0644, name: '梨儿', age: 12 } ]
----- [ { _id: 5811be865f568909c0bd0642, name: '张三', age: 28 },
  { _id: 5811bf345f568909c0bd0643, name: '王五', age: 32 },
  { _id: 5811bf555f568909c0bd0644, name: '梨儿', age: 12 } ]
