myblog listening on port 3000
{
  "res": {
    "statusCode": 302
  },
  "req": {
    "url": "/",
    "headers": {
      "host": "localhost:3000",
      "connection": "keep-alive",
      "upgrade-insecure-requests": "1",
      "user-agent": "Mozilla/5.0 (Windows NT 6.1; WOW64) AppleWebKit/537.36 (KHTML, like Gecko) Chrome/55.0.2883.75 Safari/537.36",
      "accept": "text/html,application/xhtml+xml,application/xml;q=0.9,image/webp,*/*;q=0.8",
      "accept-encoding": "gzip, deflate, sdch, br",
      "accept-language": "zh-CN,zh;q=0.8,en;q=0.6",
      "cookie": "blog=s%3AVlbYtt5eo-ItqWyz6gzmDPcPp-d9pZ8M.FkWLPXVnwscaGT7sLxe5w84sBSM%2B0PeXjuIVGL8T3ww; myblog2016=s%3AS1g4e5xLIcKDhggBhbe9l4X74C8BiyLF.ezSPPLXCBP1aH8MbDY0SVZNMcQV6OFFdLFSXtLQ2dn0",
      "if-none-match": "W/\"578-GreO6HyvPsz3eo9Tpjkq3g\""
    },
    "method": "GET",
    "httpVersion": "1.1",
    "originalUrl": "/",
    "query": {}
  },
  "responseTime": 9,
  "level": "info",
  "message": "HTTP GET /"
}
myblog listening on port 3000
{
  "res": {
    "statusCode": 200
  },
  "req": {
    "url": "/posts",
    "headers": {
      "host": "localhost:3000",
      "connection": "keep-alive",
      "upgrade-insecure-requests": "1",
      "user-agent": "Mozilla/5.0 (Windows NT 6.1; WOW64) AppleWebKit/537.36 (KHTML, like Gecko) Chrome/55.0.2883.75 Safari/537.36",
      "accept": "text/html,application/xhtml+xml,application/xml;q=0.9,image/webp,*/*;q=0.8",
      "accept-encoding": "gzip, deflate, sdch, br",
      "accept-language": "zh-CN,zh;q=0.8,en;q=0.6",
      "cookie": "blog=s%3AVlbYtt5eo-ItqWyz6gzmDPcPp-d9pZ8M.FkWLPXVnwscaGT7sLxe5w84sBSM%2B0PeXjuIVGL8T3ww; myblog2016=s%3AS1g4e5xLIcKDhggBhbe9l4X74C8BiyLF.ezSPPLXCBP1aH8MbDY0SVZNMcQV6OFFdLFSXtLQ2dn0; myblog=s%3A_j0vmDfEbvOM9svHzCSJnCSnZyMJomEL.yxKLVTsJgxyo9ypFwOApT7sS5qLtBw8TqyIrMTW3zlc"
    },
    "method": "GET",
    "httpVersion": "1.1",
    "originalUrl": "/posts",
    "query": {}
  },
  "responseTime": 81,
  "level": "info",
  "message": "HTTP GET /posts"
}
{
  "res": {
    "statusCode": 200
  },
  "req": {
    "url": "/signup",
    "headers": {
      "host": "localhost:3000",
      "connection": "keep-alive",
      "upgrade-insecure-requests": "1",
      "user-agent": "Mozilla/5.0 (Windows NT 6.1; WOW64) AppleWebKit/537.36 (KHTML, like Gecko) Chrome/55.0.2883.75 Safari/537.36",
      "accept": "text/html,application/xhtml+xml,application/xml;q=0.9,image/webp,*/*;q=0.8",
      "referer": "http://localhost:3000/posts",
      "accept-encoding": "gzip, deflate, sdch, br",
      "accept-language": "zh-CN,zh;q=0.8,en;q=0.6",
      "cookie": "blog=s%3AVlbYtt5eo-ItqWyz6gzmDPcPp-d9pZ8M.FkWLPXVnwscaGT7sLxe5w84sBSM%2B0PeXjuIVGL8T3ww; myblog2016=s%3AS1g4e5xLIcKDhggBhbe9l4X74C8BiyLF.ezSPPLXCBP1aH8MbDY0SVZNMcQV6OFFdLFSXtLQ2dn0; myblog=s%3A_j0vmDfEbvOM9svHzCSJnCSnZyMJomEL.yxKLVTsJgxyo9ypFwOApT7sS5qLtBw8TqyIrMTW3zlc"
    },
    "method": "GET",
    "httpVersion": "1.1",
    "originalUrl": "/signup",
    "query": {}
  },
  "responseTime": 18,
  "level": "info",
  "message": "HTTP GET /signup"
}
myblog listening on port 3000
myblog listening on port 3000
{
  "res": {
    "statusCode": 304
  },
  "req": {
    "url": "/signup",
    "headers": {
      "host": "localhost:3000",
      "connection": "keep-alive",
      "cache-control": "max-age=0",
      "upgrade-insecure-requests": "1",
      "user-agent": "Mozilla/5.0 (Windows NT 6.1; WOW64) AppleWebKit/537.36 (KHTML, like Gecko) Chrome/55.0.2883.75 Safari/537.36",
      "accept": "text/html,application/xhtml+xml,application/xml;q=0.9,image/webp,*/*;q=0.8",
      "accept-encoding": "gzip, deflate, sdch, br",
      "accept-language": "zh-CN,zh;q=0.8,en;q=0.6",
      "cookie": "blog=s%3AVlbYtt5eo-ItqWyz6gzmDPcPp-d9pZ8M.FkWLPXVnwscaGT7sLxe5w84sBSM%2B0PeXjuIVGL8T3ww; myblog2016=s%3AS1g4e5xLIcKDhggBhbe9l4X74C8BiyLF.ezSPPLXCBP1aH8MbDY0SVZNMcQV6OFFdLFSXtLQ2dn0; myblog=s%3A_j0vmDfEbvOM9svHzCSJnCSnZyMJomEL.yxKLVTsJgxyo9ypFwOApT7sS5qLtBw8TqyIrMTW3zlc",
      "if-none-match": "W/\"acd-ea5hHUxrgFaFeegPYb4p8w\""
    },
    "method": "GET",
    "httpVersion": "1.1",
    "originalUrl": "/signup",
    "query": {}
  },
  "responseTime": 21,
  "level": "info",
  "message": "HTTP GET /signup"
}
{
  "res": {
    "statusCode": 200
  },
  "req": {
    "url": "/favicon.ico",
    "headers": {
      "host": "localhost:3000",
      "connection": "keep-alive",
      "pragma": "no-cache",
      "cache-control": "no-cache",
      "user-agent": "Mozilla/5.0 (Windows NT 6.1; WOW64) AppleWebKit/537.36 (KHTML, like Gecko) Chrome/55.0.2883.75 Safari/537.36",
      "accept": "image/webp,image/*,*/*;q=0.8",
      "referer": "http://localhost:3000/signup",
      "accept-encoding": "gzip, deflate, sdch, br",
      "accept-language": "zh-CN,zh;q=0.8,en;q=0.6",
      "cookie": "blog=s%3AVlbYtt5eo-ItqWyz6gzmDPcPp-d9pZ8M.FkWLPXVnwscaGT7sLxe5w84sBSM%2B0PeXjuIVGL8T3ww; myblog2016=s%3AS1g4e5xLIcKDhggBhbe9l4X74C8BiyLF.ezSPPLXCBP1aH8MbDY0SVZNMcQV6OFFdLFSXtLQ2dn0; myblog=s%3A_j0vmDfEbvOM9svHzCSJnCSnZyMJomEL.yxKLVTsJgxyo9ypFwOApT7sS5qLtBw8TqyIrMTW3zlc"
    },
    "method": "GET",
    "httpVersion": "1.1",
    "originalUrl": "/favicon.ico",
    "query": {}
  },
  "responseTime": 2,
  "level": "info",
  "message": "HTTP GET /favicon.ico"
}
{
  "res": {
    "statusCode": 304
  },
  "req": {
    "url": "/signup",
    "headers": {
      "host": "localhost:3000",
      "connection": "keep-alive",
      "upgrade-insecure-requests": "1",
      "user-agent": "Mozilla/5.0 (Windows NT 6.1; WOW64) AppleWebKit/537.36 (KHTML, like Gecko) Chrome/55.0.2883.75 Safari/537.36",
      "accept": "text/html,application/xhtml+xml,application/xml;q=0.9,image/webp,*/*;q=0.8",
      "referer": "http://localhost:3000/signup",
      "accept-encoding": "gzip, deflate, sdch, br",
      "accept-language": "zh-CN,zh;q=0.8,en;q=0.6",
      "cookie": "blog=s%3AVlbYtt5eo-ItqWyz6gzmDPcPp-d9pZ8M.FkWLPXVnwscaGT7sLxe5w84sBSM%2B0PeXjuIVGL8T3ww; myblog2016=s%3AS1g4e5xLIcKDhggBhbe9l4X74C8BiyLF.ezSPPLXCBP1aH8MbDY0SVZNMcQV6OFFdLFSXtLQ2dn0; myblog=s%3A_j0vmDfEbvOM9svHzCSJnCSnZyMJomEL.yxKLVTsJgxyo9ypFwOApT7sS5qLtBw8TqyIrMTW3zlc",
      "if-none-match": "W/\"acd-ea5hHUxrgFaFeegPYb4p8w\""
    },
    "method": "GET",
    "httpVersion": "1.1",
    "originalUrl": "/signup",
    "query": {}
  },
  "responseTime": 6,
  "level": "info",
  "message": "HTTP GET /signup"
}
{
  "res": {
    "statusCode": 304
  },
  "req": {
    "url": "/favicon.ico",
    "headers": {
      "host": "localhost:3000",
      "connection": "keep-alive",
      "user-agent": "Mozilla/5.0 (Windows NT 6.1; WOW64) AppleWebKit/537.36 (KHTML, like Gecko) Chrome/55.0.2883.75 Safari/537.36",
      "accept": "image/webp,image/*,*/*;q=0.8",
      "referer": "http://localhost:3000/signup",
      "accept-encoding": "gzip, deflate, sdch, br",
      "accept-language": "zh-CN,zh;q=0.8,en;q=0.6",
      "cookie": "blog=s%3AVlbYtt5eo-ItqWyz6gzmDPcPp-d9pZ8M.FkWLPXVnwscaGT7sLxe5w84sBSM%2B0PeXjuIVGL8T3ww; myblog2016=s%3AS1g4e5xLIcKDhggBhbe9l4X74C8BiyLF.ezSPPLXCBP1aH8MbDY0SVZNMcQV6OFFdLFSXtLQ2dn0; myblog=s%3A_j0vmDfEbvOM9svHzCSJnCSnZyMJomEL.yxKLVTsJgxyo9ypFwOApT7sS5qLtBw8TqyIrMTW3zlc",
      "if-none-match": "W/\"ee-tv3MGCuOOWcR6odoni93Fg\""
    },
    "method": "GET",
    "httpVersion": "1.1",
    "originalUrl": "/favicon.ico",
    "query": {}
  },
  "responseTime": 2,
  "level": "info",
  "message": "HTTP GET /favicon.ico"
}
{
  "res": {
    "statusCode": 200
  },
  "req": {
    "url": "/signin",
    "headers": {
      "host": "localhost:3000",
      "connection": "keep-alive",
      "upgrade-insecure-requests": "1",
      "user-agent": "Mozilla/5.0 (Windows NT 6.1; WOW64) AppleWebKit/537.36 (KHTML, like Gecko) Chrome/55.0.2883.75 Safari/537.36",
      "accept": "text/html,application/xhtml+xml,application/xml;q=0.9,image/webp,*/*;q=0.8",
      "referer": "http://localhost:3000/signup",
      "accept-encoding": "gzip, deflate, sdch, br",
      "accept-language": "zh-CN,zh;q=0.8,en;q=0.6",
      "cookie": "blog=s%3AVlbYtt5eo-ItqWyz6gzmDPcPp-d9pZ8M.FkWLPXVnwscaGT7sLxe5w84sBSM%2B0PeXjuIVGL8T3ww; myblog2016=s%3AS1g4e5xLIcKDhggBhbe9l4X74C8BiyLF.ezSPPLXCBP1aH8MbDY0SVZNMcQV6OFFdLFSXtLQ2dn0; myblog=s%3A_j0vmDfEbvOM9svHzCSJnCSnZyMJomEL.yxKLVTsJgxyo9ypFwOApT7sS5qLtBw8TqyIrMTW3zlc"
    },
    "method": "GET",
    "httpVersion": "1.1",
    "originalUrl": "/signin",
    "query": {}
  },
  "responseTime": 4,
  "level": "info",
  "message": "HTTP GET /signin"
}
{
  "res": {
    "statusCode": 304
  },
  "req": {
    "url": "/favicon.ico",
    "headers": {
      "host": "localhost:3000",
      "connection": "keep-alive",
      "user-agent": "Mozilla/5.0 (Windows NT 6.1; WOW64) AppleWebKit/537.36 (KHTML, like Gecko) Chrome/55.0.2883.75 Safari/537.36",
      "accept": "image/webp,image/*,*/*;q=0.8",
      "referer": "http://localhost:3000/signin",
      "accept-encoding": "gzip, deflate, sdch, br",
      "accept-language": "zh-CN,zh;q=0.8,en;q=0.6",
      "cookie": "blog=s%3AVlbYtt5eo-ItqWyz6gzmDPcPp-d9pZ8M.FkWLPXVnwscaGT7sLxe5w84sBSM%2B0PeXjuIVGL8T3ww; myblog2016=s%3AS1g4e5xLIcKDhggBhbe9l4X74C8BiyLF.ezSPPLXCBP1aH8MbDY0SVZNMcQV6OFFdLFSXtLQ2dn0; myblog=s%3A_j0vmDfEbvOM9svHzCSJnCSnZyMJomEL.yxKLVTsJgxyo9ypFwOApT7sS5qLtBw8TqyIrMTW3zlc",
      "if-none-match": "W/\"ee-tv3MGCuOOWcR6odoni93Fg\""
    },
    "method": "GET",
    "httpVersion": "1.1",
    "originalUrl": "/favicon.ico",
    "query": {}
  },
  "responseTime": 1,
  "level": "info",
  "message": "HTTP GET /favicon.ico"
}
{
  "res": {
    "statusCode": 302
  },
  "req": {
    "url": "/signin",
    "headers": {
      "host": "localhost:3000",
      "connection": "keep-alive",
      "content-length": "21",
      "cache-control": "max-age=0",
      "origin": "http://localhost:3000",
      "upgrade-insecure-requests": "1",
      "user-agent": "Mozilla/5.0 (Windows NT 6.1; WOW64) AppleWebKit/537.36 (KHTML, like Gecko) Chrome/55.0.2883.75 Safari/537.36",
      "content-type": "application/x-www-form-urlencoded",
      "accept": "text/html,application/xhtml+xml,application/xml;q=0.9,image/webp,*/*;q=0.8",
      "referer": "http://localhost:3000/signin",
      "accept-encoding": "gzip, deflate, br",
      "accept-language": "zh-CN,zh;q=0.8,en;q=0.6",
      "cookie": "blog=s%3AVlbYtt5eo-ItqWyz6gzmDPcPp-d9pZ8M.FkWLPXVnwscaGT7sLxe5w84sBSM%2B0PeXjuIVGL8T3ww; myblog2016=s%3AS1g4e5xLIcKDhggBhbe9l4X74C8BiyLF.ezSPPLXCBP1aH8MbDY0SVZNMcQV6OFFdLFSXtLQ2dn0; myblog=s%3A_j0vmDfEbvOM9svHzCSJnCSnZyMJomEL.yxKLVTsJgxyo9ypFwOApT7sS5qLtBw8TqyIrMTW3zlc"
    },
    "method": "POST",
    "httpVersion": "1.1",
    "originalUrl": "/signin",
    "query": {}
  },
  "responseTime": 22,
  "level": "info",
  "message": "HTTP POST /signin"
}
{
  "res": {
    "statusCode": 200
  },
  "req": {
    "url": "/signin",
    "headers": {
      "host": "localhost:3000",
      "connection": "keep-alive",
      "cache-control": "max-age=0",
      "upgrade-insecure-requests": "1",
      "user-agent": "Mozilla/5.0 (Windows NT 6.1; WOW64) AppleWebKit/537.36 (KHTML, like Gecko) Chrome/55.0.2883.75 Safari/537.36",
      "accept": "text/html,application/xhtml+xml,application/xml;q=0.9,image/webp,*/*;q=0.8",
      "referer": "http://localhost:3000/signin",
      "accept-encoding": "gzip, deflate, sdch, br",
      "accept-language": "zh-CN,zh;q=0.8,en;q=0.6",
      "cookie": "blog=s%3AVlbYtt5eo-ItqWyz6gzmDPcPp-d9pZ8M.FkWLPXVnwscaGT7sLxe5w84sBSM%2B0PeXjuIVGL8T3ww; myblog2016=s%3AS1g4e5xLIcKDhggBhbe9l4X74C8BiyLF.ezSPPLXCBP1aH8MbDY0SVZNMcQV6OFFdLFSXtLQ2dn0; myblog=s%3A_j0vmDfEbvOM9svHzCSJnCSnZyMJomEL.yxKLVTsJgxyo9ypFwOApT7sS5qLtBw8TqyIrMTW3zlc"
    },
    "method": "GET",
    "httpVersion": "1.1",
    "originalUrl": "/signin",
    "query": {}
  },
  "responseTime": 5,
  "level": "info",
  "message": "HTTP GET /signin"
}
{
  "res": {
    "statusCode": 304
  },
  "req": {
    "url": "/favicon.ico",
    "headers": {
      "host": "localhost:3000",
      "connection": "keep-alive",
      "user-agent": "Mozilla/5.0 (Windows NT 6.1; WOW64) AppleWebKit/537.36 (KHTML, like Gecko) Chrome/55.0.2883.75 Safari/537.36",
      "accept": "image/webp,image/*,*/*;q=0.8",
      "referer": "http://localhost:3000/signin",
      "accept-encoding": "gzip, deflate, sdch, br",
      "accept-language": "zh-CN,zh;q=0.8,en;q=0.6",
      "cookie": "blog=s%3AVlbYtt5eo-ItqWyz6gzmDPcPp-d9pZ8M.FkWLPXVnwscaGT7sLxe5w84sBSM%2B0PeXjuIVGL8T3ww; myblog2016=s%3AS1g4e5xLIcKDhggBhbe9l4X74C8BiyLF.ezSPPLXCBP1aH8MbDY0SVZNMcQV6OFFdLFSXtLQ2dn0; myblog=s%3A_j0vmDfEbvOM9svHzCSJnCSnZyMJomEL.yxKLVTsJgxyo9ypFwOApT7sS5qLtBw8TqyIrMTW3zlc",
      "if-none-match": "W/\"ee-tv3MGCuOOWcR6odoni93Fg\""
    },
    "method": "GET",
    "httpVersion": "1.1",
    "originalUrl": "/favicon.ico",
    "query": {}
  },
  "responseTime": 1,
  "level": "info",
  "message": "HTTP GET /favicon.ico"
}
{
  "res": {
    "statusCode": 302
  },
  "req": {
    "url": "/signin",
    "headers": {
      "host": "localhost:3000",
      "connection": "keep-alive",
      "content-length": "30",
      "cache-control": "max-age=0",
      "origin": "http://localhost:3000",
      "upgrade-insecure-requests": "1",
      "user-agent": "Mozilla/5.0 (Windows NT 6.1; WOW64) AppleWebKit/537.36 (KHTML, like Gecko) Chrome/55.0.2883.75 Safari/537.36",
      "content-type": "application/x-www-form-urlencoded",
      "accept": "text/html,application/xhtml+xml,application/xml;q=0.9,image/webp,*/*;q=0.8",
      "referer": "http://localhost:3000/signin",
      "accept-encoding": "gzip, deflate, br",
      "accept-language": "zh-CN,zh;q=0.8,en;q=0.6",
      "cookie": "blog=s%3AVlbYtt5eo-ItqWyz6gzmDPcPp-d9pZ8M.FkWLPXVnwscaGT7sLxe5w84sBSM%2B0PeXjuIVGL8T3ww; myblog2016=s%3AS1g4e5xLIcKDhggBhbe9l4X74C8BiyLF.ezSPPLXCBP1aH8MbDY0SVZNMcQV6OFFdLFSXtLQ2dn0; myblog=s%3A_j0vmDfEbvOM9svHzCSJnCSnZyMJomEL.yxKLVTsJgxyo9ypFwOApT7sS5qLtBw8TqyIrMTW3zlc"
    },
    "method": "POST",
    "httpVersion": "1.1",
    "originalUrl": "/signin",
    "query": {}
  },
  "responseTime": 6,
  "level": "info",
  "message": "HTTP POST /signin"
}
{
  "res": {
    "statusCode": 200
  },
  "req": {
    "url": "/signin",
    "headers": {
      "host": "localhost:3000",
      "connection": "keep-alive",
      "cache-control": "max-age=0",
      "upgrade-insecure-requests": "1",
      "user-agent": "Mozilla/5.0 (Windows NT 6.1; WOW64) AppleWebKit/537.36 (KHTML, like Gecko) Chrome/55.0.2883.75 Safari/537.36",
      "accept": "text/html,application/xhtml+xml,application/xml;q=0.9,image/webp,*/*;q=0.8",
      "referer": "http://localhost:3000/signin",
      "accept-encoding": "gzip, deflate, sdch, br",
      "accept-language": "zh-CN,zh;q=0.8,en;q=0.6",
      "cookie": "blog=s%3AVlbYtt5eo-ItqWyz6gzmDPcPp-d9pZ8M.FkWLPXVnwscaGT7sLxe5w84sBSM%2B0PeXjuIVGL8T3ww; myblog2016=s%3AS1g4e5xLIcKDhggBhbe9l4X74C8BiyLF.ezSPPLXCBP1aH8MbDY0SVZNMcQV6OFFdLFSXtLQ2dn0; myblog=s%3A_j0vmDfEbvOM9svHzCSJnCSnZyMJomEL.yxKLVTsJgxyo9ypFwOApT7sS5qLtBw8TqyIrMTW3zlc"
    },
    "method": "GET",
    "httpVersion": "1.1",
    "originalUrl": "/signin",
    "query": {}
  },
  "responseTime": 3,
  "level": "info",
  "message": "HTTP GET /signin"
}
{
  "res": {
    "statusCode": 304
  },
  "req": {
    "url": "/favicon.ico",
    "headers": {
      "host": "localhost:3000",
      "connection": "keep-alive",
      "user-agent": "Mozilla/5.0 (Windows NT 6.1; WOW64) AppleWebKit/537.36 (KHTML, like Gecko) Chrome/55.0.2883.75 Safari/537.36",
      "accept": "image/webp,image/*,*/*;q=0.8",
      "referer": "http://localhost:3000/signin",
      "accept-encoding": "gzip, deflate, sdch, br",
      "accept-language": "zh-CN,zh;q=0.8,en;q=0.6",
      "cookie": "blog=s%3AVlbYtt5eo-ItqWyz6gzmDPcPp-d9pZ8M.FkWLPXVnwscaGT7sLxe5w84sBSM%2B0PeXjuIVGL8T3ww; myblog2016=s%3AS1g4e5xLIcKDhggBhbe9l4X74C8BiyLF.ezSPPLXCBP1aH8MbDY0SVZNMcQV6OFFdLFSXtLQ2dn0; myblog=s%3A_j0vmDfEbvOM9svHzCSJnCSnZyMJomEL.yxKLVTsJgxyo9ypFwOApT7sS5qLtBw8TqyIrMTW3zlc",
      "if-none-match": "W/\"ee-tv3MGCuOOWcR6odoni93Fg\""
    },
    "method": "GET",
    "httpVersion": "1.1",
    "originalUrl": "/favicon.ico",
    "query": {}
  },
  "responseTime": 1,
  "level": "info",
  "message": "HTTP GET /favicon.ico"
}
{
  "res": {
    "statusCode": 304
  },
  "req": {
    "url": "/signup",
    "headers": {
      "host": "localhost:3000",
      "connection": "keep-alive",
      "upgrade-insecure-requests": "1",
      "user-agent": "Mozilla/5.0 (Windows NT 6.1; WOW64) AppleWebKit/537.36 (KHTML, like Gecko) Chrome/55.0.2883.75 Safari/537.36",
      "accept": "text/html,application/xhtml+xml,application/xml;q=0.9,image/webp,*/*;q=0.8",
      "referer": "http://localhost:3000/signin",
      "accept-encoding": "gzip, deflate, sdch, br",
      "accept-language": "zh-CN,zh;q=0.8,en;q=0.6",
      "cookie": "blog=s%3AVlbYtt5eo-ItqWyz6gzmDPcPp-d9pZ8M.FkWLPXVnwscaGT7sLxe5w84sBSM%2B0PeXjuIVGL8T3ww; myblog2016=s%3AS1g4e5xLIcKDhggBhbe9l4X74C8BiyLF.ezSPPLXCBP1aH8MbDY0SVZNMcQV6OFFdLFSXtLQ2dn0; myblog=s%3A_j0vmDfEbvOM9svHzCSJnCSnZyMJomEL.yxKLVTsJgxyo9ypFwOApT7sS5qLtBw8TqyIrMTW3zlc",
      "if-none-match": "W/\"acd-ea5hHUxrgFaFeegPYb4p8w\""
    },
    "method": "GET",
    "httpVersion": "1.1",
    "originalUrl": "/signup",
    "query": {}
  },
  "responseTime": 4,
  "level": "info",
  "message": "HTTP GET /signup"
}
{
  "res": {
    "statusCode": 304
  },
  "req": {
    "url": "/favicon.ico",
    "headers": {
      "host": "localhost:3000",
      "connection": "keep-alive",
      "user-agent": "Mozilla/5.0 (Windows NT 6.1; WOW64) AppleWebKit/537.36 (KHTML, like Gecko) Chrome/55.0.2883.75 Safari/537.36",
      "accept": "image/webp,image/*,*/*;q=0.8",
      "referer": "http://localhost:3000/signup",
      "accept-encoding": "gzip, deflate, sdch, br",
      "accept-language": "zh-CN,zh;q=0.8,en;q=0.6",
      "cookie": "blog=s%3AVlbYtt5eo-ItqWyz6gzmDPcPp-d9pZ8M.FkWLPXVnwscaGT7sLxe5w84sBSM%2B0PeXjuIVGL8T3ww; myblog2016=s%3AS1g4e5xLIcKDhggBhbe9l4X74C8BiyLF.ezSPPLXCBP1aH8MbDY0SVZNMcQV6OFFdLFSXtLQ2dn0; myblog=s%3A_j0vmDfEbvOM9svHzCSJnCSnZyMJomEL.yxKLVTsJgxyo9ypFwOApT7sS5qLtBw8TqyIrMTW3zlc",
      "if-none-match": "W/\"ee-tv3MGCuOOWcR6odoni93Fg\""
    },
    "method": "GET",
    "httpVersion": "1.1",
    "originalUrl": "/favicon.ico",
    "query": {}
  },
  "responseTime": 1,
  "level": "info",
  "message": "HTTP GET /favicon.ico"
}
{
  "res": {
    "statusCode": 302
  },
  "req": {
    "url": "/signup",
    "headers": {
      "host": "localhost:3000",
      "connection": "keep-alive",
      "content-length": "133127",
      "cache-control": "max-age=0",
      "origin": "http://localhost:3000",
      "upgrade-insecure-requests": "1",
      "user-agent": "Mozilla/5.0 (Windows NT 6.1; WOW64) AppleWebKit/537.36 (KHTML, like Gecko) Chrome/55.0.2883.75 Safari/537.36",
      "content-type": "multipart/form-data; boundary=----WebKitFormBoundaryqPDiWg2gQOyZo9ys",
      "accept": "text/html,application/xhtml+xml,application/xml;q=0.9,image/webp,*/*;q=0.8",
      "referer": "http://localhost:3000/signup",
      "accept-encoding": "gzip, deflate, br",
      "accept-language": "zh-CN,zh;q=0.8,en;q=0.6",
      "cookie": "blog=s%3AVlbYtt5eo-ItqWyz6gzmDPcPp-d9pZ8M.FkWLPXVnwscaGT7sLxe5w84sBSM%2B0PeXjuIVGL8T3ww; myblog2016=s%3AS1g4e5xLIcKDhggBhbe9l4X74C8BiyLF.ezSPPLXCBP1aH8MbDY0SVZNMcQV6OFFdLFSXtLQ2dn0; myblog=s%3A_j0vmDfEbvOM9svHzCSJnCSnZyMJomEL.yxKLVTsJgxyo9ypFwOApT7sS5qLtBw8TqyIrMTW3zlc"
    },
    "method": "POST",
    "httpVersion": "1.1",
    "originalUrl": "/signup",
    "query": {}
  },
  "responseTime": 1,
  "level": "info",
  "message": "HTTP POST /signup"
}
{
  "res": {
    "statusCode": 200
  },
  "req": {
    "url": "/signup",
    "headers": {
      "host": "localhost:3000",
      "connection": "keep-alive",
      "cache-control": "max-age=0",
      "upgrade-insecure-requests": "1",
      "user-agent": "Mozilla/5.0 (Windows NT 6.1; WOW64) AppleWebKit/537.36 (KHTML, like Gecko) Chrome/55.0.2883.75 Safari/537.36",
      "accept": "text/html,application/xhtml+xml,application/xml;q=0.9,image/webp,*/*;q=0.8",
      "referer": "http://localhost:3000/signup",
      "accept-encoding": "gzip, deflate, sdch, br",
      "accept-language": "zh-CN,zh;q=0.8,en;q=0.6",
      "cookie": "blog=s%3AVlbYtt5eo-ItqWyz6gzmDPcPp-d9pZ8M.FkWLPXVnwscaGT7sLxe5w84sBSM%2B0PeXjuIVGL8T3ww; myblog2016=s%3AS1g4e5xLIcKDhggBhbe9l4X74C8BiyLF.ezSPPLXCBP1aH8MbDY0SVZNMcQV6OFFdLFSXtLQ2dn0; myblog=s%3A_j0vmDfEbvOM9svHzCSJnCSnZyMJomEL.yxKLVTsJgxyo9ypFwOApT7sS5qLtBw8TqyIrMTW3zlc"
    },
    "method": "GET",
    "httpVersion": "1.1",
    "originalUrl": "/signup",
    "query": {}
  },
  "responseTime": 6,
  "level": "info",
  "message": "HTTP GET /signup"
}
{
  "res": {
    "statusCode": 304
  },
  "req": {
    "url": "/favicon.ico",
    "headers": {
      "host": "localhost:3000",
      "connection": "keep-alive",
      "user-agent": "Mozilla/5.0 (Windows NT 6.1; WOW64) AppleWebKit/537.36 (KHTML, like Gecko) Chrome/55.0.2883.75 Safari/537.36",
      "accept": "image/webp,image/*,*/*;q=0.8",
      "referer": "http://localhost:3000/signup",
      "accept-encoding": "gzip, deflate, sdch, br",
      "accept-language": "zh-CN,zh;q=0.8,en;q=0.6",
      "cookie": "blog=s%3AVlbYtt5eo-ItqWyz6gzmDPcPp-d9pZ8M.FkWLPXVnwscaGT7sLxe5w84sBSM%2B0PeXjuIVGL8T3ww; myblog2016=s%3AS1g4e5xLIcKDhggBhbe9l4X74C8BiyLF.ezSPPLXCBP1aH8MbDY0SVZNMcQV6OFFdLFSXtLQ2dn0; myblog=s%3A_j0vmDfEbvOM9svHzCSJnCSnZyMJomEL.yxKLVTsJgxyo9ypFwOApT7sS5qLtBw8TqyIrMTW3zlc",
      "if-none-match": "W/\"ee-tv3MGCuOOWcR6odoni93Fg\""
    },
    "method": "GET",
    "httpVersion": "1.1",
    "originalUrl": "/favicon.ico",
    "query": {}
  },
  "responseTime": 1,
  "level": "info",
  "message": "HTTP GET /favicon.ico"
}
myblog listening on port 3000
myblog listening on port 3000
{
  "res": {
    "statusCode": 200
  },
  "req": {
    "url": "/signup",
    "headers": {
      "host": "localhost:3000",
      "connection": "keep-alive",
      "pragma": "no-cache",
      "cache-control": "no-cache",
      "upgrade-insecure-requests": "1",
      "user-agent": "Mozilla/5.0 (Windows NT 6.1; WOW64) AppleWebKit/537.36 (KHTML, like Gecko) Chrome/55.0.2883.75 Safari/537.36",
      "accept": "text/html,application/xhtml+xml,application/xml;q=0.9,image/webp,*/*;q=0.8",
      "accept-encoding": "gzip, deflate, sdch, br",
      "accept-language": "zh-CN,zh;q=0.8,en;q=0.6",
      "cookie": "blog=s%3AVlbYtt5eo-ItqWyz6gzmDPcPp-d9pZ8M.FkWLPXVnwscaGT7sLxe5w84sBSM%2B0PeXjuIVGL8T3ww; myblog2016=s%3AS1g4e5xLIcKDhggBhbe9l4X74C8BiyLF.ezSPPLXCBP1aH8MbDY0SVZNMcQV6OFFdLFSXtLQ2dn0; myblog=s%3A_j0vmDfEbvOM9svHzCSJnCSnZyMJomEL.yxKLVTsJgxyo9ypFwOApT7sS5qLtBw8TqyIrMTW3zlc"
    },
    "method": "GET",
    "httpVersion": "1.1",
    "originalUrl": "/signup",
    "query": {}
  },
  "responseTime": 27,
  "level": "info",
  "message": "HTTP GET /signup"
}
{
  "res": {
    "statusCode": 200
  },
  "req": {
    "url": "/favicon.ico",
    "headers": {
      "host": "localhost:3000",
      "connection": "keep-alive",
      "pragma": "no-cache",
      "cache-control": "no-cache",
      "user-agent": "Mozilla/5.0 (Windows NT 6.1; WOW64) AppleWebKit/537.36 (KHTML, like Gecko) Chrome/55.0.2883.75 Safari/537.36",
      "accept": "image/webp,image/*,*/*;q=0.8",
      "referer": "http://localhost:3000/signup",
      "accept-encoding": "gzip, deflate, sdch, br",
      "accept-language": "zh-CN,zh;q=0.8,en;q=0.6",
      "cookie": "blog=s%3AVlbYtt5eo-ItqWyz6gzmDPcPp-d9pZ8M.FkWLPXVnwscaGT7sLxe5w84sBSM%2B0PeXjuIVGL8T3ww; myblog2016=s%3AS1g4e5xLIcKDhggBhbe9l4X74C8BiyLF.ezSPPLXCBP1aH8MbDY0SVZNMcQV6OFFdLFSXtLQ2dn0; myblog=s%3A_j0vmDfEbvOM9svHzCSJnCSnZyMJomEL.yxKLVTsJgxyo9ypFwOApT7sS5qLtBw8TqyIrMTW3zlc"
    },
    "method": "GET",
    "httpVersion": "1.1",
    "originalUrl": "/favicon.ico",
    "query": {}
  },
  "responseTime": 3,
  "level": "info",
  "message": "HTTP GET /favicon.ico"
}
myblog listening on port 3000
myblog listening on port 3000
myblog listening on port 3000
myblog listening on port 3000
myblog listening on port 3000
myblog listening on port 3000
myblog listening on port 3000
myblog listening on port 3000
